2018-10-16 19:19:25,361|INFO|482|<module>|begin interpreted ./excel/X_Zone.xlsx file
2018-10-16 19:19:25,390|INFO|49|__init__|row_count:13, col_count:7
2018-10-16 19:19:25,391|INFO|83|interpreted|begin Interpreter, row_count = 13, col_count = 7
2018-10-16 19:19:25,391|INFO|113|_FieldDefine|row=0, col=0
2018-10-16 19:19:25,391|INFO|148|_FieldDefine|int32|int32|id|
2018-10-16 19:19:25,391|INFO|113|_FieldDefine|row=0, col=1
2018-10-16 19:19:25,391|INFO|148|_FieldDefine|string|string|location_desc|
2018-10-16 19:19:25,391|INFO|113|_FieldDefine|row=0, col=2
2018-10-16 19:19:25,392|INFO|148|_FieldDefine|int32|int32|zone|
2018-10-16 19:19:25,392|INFO|113|_FieldDefine|row=0, col=3
2018-10-16 19:19:25,392|INFO|148|_FieldDefine|int32|int32|name|
2018-10-16 19:19:25,392|INFO|113|_FieldDefine|row=0, col=4
2018-10-16 19:19:25,392|INFO|148|_FieldDefine|string|string|desc|
2018-10-16 19:19:25,392|INFO|113|_FieldDefine|row=0, col=5
2018-10-16 19:19:25,394|INFO|148|_FieldDefine|int32|int32|is_open|
2018-10-16 19:19:25,394|INFO|113|_FieldDefine|row=0, col=6
2018-10-16 19:19:25,394|INFO|148|_FieldDefine|int32|int32|backup|
2018-10-16 19:19:25,645|INFO|300|Parse|begin parse, row_count = 13, col_count = 7
2018-10-16 19:19:25,647|INFO|330|_ParseLine|3
2018-10-16 19:19:25,647|INFO|367|_ParseField|3|0
2018-10-16 19:19:25,648|INFO|368|_ParseField|int32|int32|id
2018-10-16 19:19:25,648|INFO|393|_GetFieldValue|3|0|1.0
2018-10-16 19:19:25,648|INFO|367|_ParseField|3|1
2018-10-16 19:19:25,648|INFO|368|_ParseField|string|string|location_desc
2018-10-16 19:19:25,648|INFO|393|_GetFieldValue|3|1|AWS_美国东部机房
2018-10-16 19:19:25,653|INFO|367|_ParseField|3|2
2018-10-16 19:19:25,653|INFO|368|_ParseField|int32|int32|zone
2018-10-16 19:19:25,654|INFO|393|_GetFieldValue|3|2|1.0
2018-10-16 19:19:25,654|INFO|367|_ParseField|3|3
2018-10-16 19:19:25,654|INFO|368|_ParseField|int32|int32|name
2018-10-16 19:19:25,654|INFO|393|_GetFieldValue|3|3|2061.0
2018-10-16 19:19:25,654|INFO|367|_ParseField|3|4
2018-10-16 19:19:25,654|INFO|368|_ParseField|string|string|desc
2018-10-16 19:19:25,654|INFO|393|_GetFieldValue|3|4|北美
2018-10-16 19:19:25,654|INFO|367|_ParseField|3|5
2018-10-16 19:19:25,654|INFO|368|_ParseField|int32|int32|is_open
2018-10-16 19:19:25,654|INFO|393|_GetFieldValue|3|5|1.0
2018-10-16 19:19:25,654|INFO|367|_ParseField|3|6
2018-10-16 19:19:25,654|INFO|368|_ParseField|int32|int32|backup
2018-10-16 19:19:25,655|INFO|393|_GetFieldValue|3|6|2.0
2018-10-16 19:19:25,655|INFO|330|_ParseLine|4
2018-10-16 19:19:25,655|INFO|367|_ParseField|4|0
2018-10-16 19:19:25,655|INFO|368|_ParseField|int32|int32|id
2018-10-16 19:19:25,655|INFO|393|_GetFieldValue|4|0|2.0
2018-10-16 19:19:25,655|INFO|367|_ParseField|4|1
2018-10-16 19:19:25,655|INFO|368|_ParseField|string|string|location_desc
2018-10-16 19:19:25,657|INFO|393|_GetFieldValue|4|1|AWS_法兰克福机房
2018-10-16 19:19:25,657|INFO|367|_ParseField|4|2
2018-10-16 19:19:25,657|INFO|368|_ParseField|int32|int32|zone
2018-10-16 19:19:25,657|INFO|393|_GetFieldValue|4|2|2.0
2018-10-16 19:19:25,657|INFO|367|_ParseField|4|3
2018-10-16 19:19:25,657|INFO|368|_ParseField|int32|int32|name
2018-10-16 19:19:25,657|INFO|393|_GetFieldValue|4|3|2062.0
2018-10-16 19:19:25,657|INFO|367|_ParseField|4|4
2018-10-16 19:19:25,657|INFO|368|_ParseField|string|string|desc
2018-10-16 19:19:25,657|INFO|393|_GetFieldValue|4|4|欧洲
2018-10-16 19:19:25,658|INFO|367|_ParseField|4|5
2018-10-16 19:19:25,658|INFO|368|_ParseField|int32|int32|is_open
2018-10-16 19:19:25,658|INFO|393|_GetFieldValue|4|5|1.0
2018-10-16 19:19:25,658|INFO|367|_ParseField|4|6
2018-10-16 19:19:25,658|INFO|368|_ParseField|int32|int32|backup
2018-10-16 19:19:25,660|INFO|393|_GetFieldValue|4|6|0.0
2018-10-16 19:19:25,660|INFO|330|_ParseLine|5
2018-10-16 19:19:25,660|INFO|367|_ParseField|5|0
2018-10-16 19:19:25,660|INFO|368|_ParseField|int32|int32|id
2018-10-16 19:19:25,660|INFO|393|_GetFieldValue|5|0|3.0
2018-10-16 19:19:25,660|INFO|367|_ParseField|5|1
2018-10-16 19:19:25,661|INFO|368|_ParseField|string|string|location_desc
2018-10-16 19:19:25,661|INFO|393|_GetFieldValue|5|1|俄罗斯机器
2018-10-16 19:19:25,661|INFO|367|_ParseField|5|2
2018-10-16 19:19:25,661|INFO|368|_ParseField|int32|int32|zone
2018-10-16 19:19:25,661|INFO|393|_GetFieldValue|5|2|3.0
2018-10-16 19:19:25,661|INFO|367|_ParseField|5|3
2018-10-16 19:19:25,661|INFO|368|_ParseField|int32|int32|name
2018-10-16 19:19:25,661|INFO|393|_GetFieldValue|5|3|2085.0
2018-10-16 19:19:25,661|INFO|367|_ParseField|5|4
2018-10-16 19:19:25,661|INFO|368|_ParseField|string|string|desc
2018-10-16 19:19:25,661|INFO|393|_GetFieldValue|5|4|俄罗斯
2018-10-16 19:19:25,663|INFO|367|_ParseField|5|5
2018-10-16 19:19:25,663|INFO|368|_ParseField|int32|int32|is_open
2018-10-16 19:19:25,663|INFO|393|_GetFieldValue|5|5|1.0
2018-10-16 19:19:25,663|INFO|367|_ParseField|5|6
2018-10-16 19:19:25,663|INFO|368|_ParseField|int32|int32|backup
2018-10-16 19:19:25,663|INFO|393|_GetFieldValue|5|6|2.0
2018-10-16 19:19:25,664|INFO|330|_ParseLine|6
2018-10-16 19:19:25,664|INFO|367|_ParseField|6|0
2018-10-16 19:19:25,664|INFO|368|_ParseField|int32|int32|id
2018-10-16 19:19:25,664|INFO|393|_GetFieldValue|6|0|5.0
2018-10-16 19:19:25,664|INFO|367|_ParseField|6|1
2018-10-16 19:19:25,664|INFO|368|_ParseField|string|string|location_desc
2018-10-16 19:19:25,664|INFO|393|_GetFieldValue|6|1|AWS_圣保罗机房
2018-10-16 19:19:25,664|INFO|367|_ParseField|6|2
2018-10-16 19:19:25,664|INFO|368|_ParseField|int32|int32|zone
2018-10-16 19:19:25,664|INFO|393|_GetFieldValue|6|2|4.0
2018-10-16 19:19:25,664|INFO|367|_ParseField|6|3
2018-10-16 19:19:25,664|INFO|368|_ParseField|int32|int32|name
2018-10-16 19:19:25,665|INFO|393|_GetFieldValue|6|3|2087.0
2018-10-16 19:19:25,665|INFO|367|_ParseField|6|4
2018-10-16 19:19:25,665|INFO|368|_ParseField|string|string|desc
2018-10-16 19:19:25,665|INFO|393|_GetFieldValue|6|4|拉美北
2018-10-16 19:19:25,665|INFO|367|_ParseField|6|5
2018-10-16 19:19:25,665|INFO|368|_ParseField|int32|int32|is_open
2018-10-16 19:19:25,667|INFO|393|_GetFieldValue|6|5|1.0
2018-10-16 19:19:25,667|INFO|367|_ParseField|6|6
2018-10-16 19:19:25,667|INFO|368|_ParseField|int32|int32|backup
2018-10-16 19:19:25,667|INFO|393|_GetFieldValue|6|6|2.0
2018-10-16 19:19:25,667|INFO|330|_ParseLine|7
2018-10-16 19:19:25,667|INFO|367|_ParseField|7|0
2018-10-16 19:19:25,667|INFO|368|_ParseField|int32|int32|id
2018-10-16 19:19:25,667|INFO|393|_GetFieldValue|7|0|6.0
2018-10-16 19:19:25,667|INFO|367|_ParseField|7|1
2018-10-16 19:19:25,667|INFO|368|_ParseField|string|string|location_desc
2018-10-16 19:19:25,667|INFO|393|_GetFieldValue|7|1|AWS_悉尼机房
2018-10-16 19:19:25,668|INFO|367|_ParseField|7|2
2018-10-16 19:19:25,668|INFO|368|_ParseField|int32|int32|zone
2018-10-16 19:19:25,668|INFO|393|_GetFieldValue|7|2|6.0
2018-10-16 19:19:25,668|INFO|367|_ParseField|7|3
2018-10-16 19:19:25,668|INFO|368|_ParseField|int32|int32|name
2018-10-16 19:19:25,668|INFO|393|_GetFieldValue|7|3|2063.0
2018-10-16 19:19:25,668|INFO|367|_ParseField|7|4
2018-10-16 19:19:25,670|INFO|368|_ParseField|string|string|desc
2018-10-16 19:19:25,670|INFO|393|_GetFieldValue|7|4|澳洲
2018-10-16 19:19:25,670|INFO|367|_ParseField|7|5
2018-10-16 19:19:25,670|INFO|368|_ParseField|int32|int32|is_open
2018-10-16 19:19:25,670|INFO|393|_GetFieldValue|7|5|1.0
2018-10-16 19:19:25,670|INFO|367|_ParseField|7|6
2018-10-16 19:19:25,671|INFO|368|_ParseField|int32|int32|backup
2018-10-16 19:19:25,671|INFO|393|_GetFieldValue|7|6|2.0
2018-10-16 19:19:25,671|INFO|330|_ParseLine|8
2018-10-16 19:19:25,671|INFO|367|_ParseField|8|0
2018-10-16 19:19:25,671|INFO|368|_ParseField|int32|int32|id
2018-10-16 19:19:25,671|INFO|393|_GetFieldValue|8|0|7.0
2018-10-16 19:19:25,671|INFO|367|_ParseField|8|1
2018-10-16 19:19:25,671|INFO|368|_ParseField|string|string|location_desc
2018-10-16 19:19:25,671|INFO|393|_GetFieldValue|8|1|AWS_新加坡机房
2018-10-16 19:19:25,671|INFO|367|_ParseField|8|2
2018-10-16 19:19:25,671|INFO|368|_ParseField|int32|int32|zone
2018-10-16 19:19:25,673|INFO|393|_GetFieldValue|8|2|7.0
2018-10-16 19:19:25,673|INFO|367|_ParseField|8|3
2018-10-16 19:19:25,673|INFO|368|_ParseField|int32|int32|name
2018-10-16 19:19:25,673|INFO|393|_GetFieldValue|8|3|2083.0
2018-10-16 19:19:25,673|INFO|367|_ParseField|8|4
2018-10-16 19:19:25,673|INFO|368|_ParseField|string|string|desc
2018-10-16 19:19:25,673|INFO|393|_GetFieldValue|8|4|东南亚
2018-10-16 19:19:25,674|INFO|367|_ParseField|8|5
2018-10-16 19:19:25,674|INFO|368|_ParseField|int32|int32|is_open
2018-10-16 19:19:25,674|INFO|393|_GetFieldValue|8|5|1.0
2018-10-16 19:19:25,674|INFO|367|_ParseField|8|6
2018-10-16 19:19:25,674|INFO|368|_ParseField|int32|int32|backup
2018-10-16 19:19:25,674|INFO|393|_GetFieldValue|8|6|2.0
2018-10-16 19:19:25,674|INFO|330|_ParseLine|9
2018-10-16 19:19:25,674|INFO|367|_ParseField|9|0
2018-10-16 19:19:25,674|INFO|368|_ParseField|int32|int32|id
2018-10-16 19:19:25,674|INFO|393|_GetFieldValue|9|0|8.0
2018-10-16 19:19:25,674|INFO|367|_ParseField|9|1
2018-10-16 19:19:25,674|INFO|368|_ParseField|string|string|location_desc
2018-10-16 19:19:25,676|INFO|393|_GetFieldValue|9|1|AWS_日本机房
2018-10-16 19:19:25,676|INFO|367|_ParseField|9|2
2018-10-16 19:19:25,676|INFO|368|_ParseField|int32|int32|zone
2018-10-16 19:19:25,676|INFO|393|_GetFieldValue|9|2|7.0
2018-10-16 19:19:25,676|INFO|367|_ParseField|9|3
2018-10-16 19:19:25,676|INFO|368|_ParseField|int32|int32|name
2018-10-16 19:19:25,677|INFO|393|_GetFieldValue|9|3|2083.0
2018-10-16 19:19:25,677|INFO|367|_ParseField|9|4
2018-10-16 19:19:25,677|INFO|368|_ParseField|string|string|desc
2018-10-16 19:19:25,677|INFO|393|_GetFieldValue|9|4|东南亚
2018-10-16 19:19:25,677|INFO|367|_ParseField|9|5
2018-10-16 19:19:25,677|INFO|368|_ParseField|int32|int32|is_open
2018-10-16 19:19:25,677|INFO|393|_GetFieldValue|9|5|1.0
2018-10-16 19:19:25,677|INFO|367|_ParseField|9|6
2018-10-16 19:19:25,677|INFO|368|_ParseField|int32|int32|backup
2018-10-16 19:19:25,677|INFO|393|_GetFieldValue|9|6|2.0
2018-10-16 19:19:25,678|INFO|330|_ParseLine|10
2018-10-16 19:19:25,678|INFO|367|_ParseField|10|0
2018-10-16 19:19:25,678|INFO|368|_ParseField|int32|int32|id
2018-10-16 19:19:25,678|INFO|393|_GetFieldValue|10|0|9.0
2018-10-16 19:19:25,678|INFO|367|_ParseField|10|1
2018-10-16 19:19:25,678|INFO|368|_ParseField|string|string|location_desc
2018-10-16 19:19:25,678|INFO|393|_GetFieldValue|10|1|AWS_韩国机房
2018-10-16 19:19:25,680|INFO|367|_ParseField|10|2
2018-10-16 19:19:25,680|INFO|368|_ParseField|int32|int32|zone
2018-10-16 19:19:25,680|INFO|393|_GetFieldValue|10|2|7.0
2018-10-16 19:19:25,680|INFO|367|_ParseField|10|3
2018-10-16 19:19:25,680|INFO|368|_ParseField|int32|int32|name
2018-10-16 19:19:25,680|INFO|393|_GetFieldValue|10|3|2083.0
2018-10-16 19:19:25,680|INFO|367|_ParseField|10|4
2018-10-16 19:19:25,680|INFO|368|_ParseField|string|string|desc
2018-10-16 19:19:25,680|INFO|393|_GetFieldValue|10|4|东南亚
2018-10-16 19:19:25,680|INFO|367|_ParseField|10|5
2018-10-16 19:19:25,680|INFO|368|_ParseField|int32|int32|is_open
2018-10-16 19:19:25,681|INFO|393|_GetFieldValue|10|5|1.0
2018-10-16 19:19:25,681|INFO|367|_ParseField|10|6
2018-10-16 19:19:25,681|INFO|368|_ParseField|int32|int32|backup
2018-10-16 19:19:25,681|INFO|393|_GetFieldValue|10|6|2.0
2018-10-16 19:19:25,681|INFO|330|_ParseLine|11
2018-10-16 19:19:25,681|INFO|367|_ParseField|11|0
2018-10-16 19:19:25,681|INFO|368|_ParseField|int32|int32|id
2018-10-16 19:19:25,683|INFO|393|_GetFieldValue|11|0|10.0
2018-10-16 19:19:25,683|INFO|367|_ParseField|11|1
2018-10-16 19:19:25,683|INFO|368|_ParseField|string|string|location_desc
2018-10-16 19:19:25,683|INFO|393|_GetFieldValue|11|1|香港机器
2018-10-16 19:19:25,684|INFO|367|_ParseField|11|2
2018-10-16 19:19:25,684|INFO|368|_ParseField|int32|int32|zone
2018-10-16 19:19:25,684|INFO|393|_GetFieldValue|11|2|7.0
2018-10-16 19:19:25,684|INFO|367|_ParseField|11|3
2018-10-16 19:19:25,684|INFO|368|_ParseField|int32|int32|name
2018-10-16 19:19:25,684|INFO|393|_GetFieldValue|11|3|2083.0
2018-10-16 19:19:25,684|INFO|367|_ParseField|11|4
2018-10-16 19:19:25,684|INFO|368|_ParseField|string|string|desc
2018-10-16 19:19:25,684|INFO|393|_GetFieldValue|11|4|东南亚
2018-10-16 19:19:25,684|INFO|367|_ParseField|11|5
2018-10-16 19:19:25,684|INFO|368|_ParseField|int32|int32|is_open
2018-10-16 19:19:25,684|INFO|393|_GetFieldValue|11|5|1.0
2018-10-16 19:19:25,684|INFO|367|_ParseField|11|6
2018-10-16 19:19:25,686|INFO|368|_ParseField|int32|int32|backup
2018-10-16 19:19:25,686|INFO|393|_GetFieldValue|11|6|2.0
2018-10-16 19:19:25,686|INFO|330|_ParseLine|12
2018-10-16 19:19:25,686|INFO|367|_ParseField|12|0
2018-10-16 19:19:25,686|INFO|368|_ParseField|int32|int32|id
2018-10-16 19:19:25,686|INFO|393|_GetFieldValue|12|0|11.0
2018-10-16 19:19:25,687|INFO|367|_ParseField|12|1
2018-10-16 19:19:25,687|INFO|368|_ParseField|string|string|location_desc
2018-10-16 19:19:25,687|INFO|393|_GetFieldValue|12|1|AWS_美国西部机房
2018-10-16 19:19:25,687|INFO|367|_ParseField|12|2
2018-10-16 19:19:25,687|INFO|368|_ParseField|int32|int32|zone
2018-10-16 19:19:25,687|INFO|393|_GetFieldValue|12|2|1.0
2018-10-16 19:19:25,687|INFO|367|_ParseField|12|3
2018-10-16 19:19:25,687|INFO|368|_ParseField|int32|int32|name
2018-10-16 19:19:25,687|INFO|393|_GetFieldValue|12|3|2061.0
2018-10-16 19:19:25,687|INFO|367|_ParseField|12|4
2018-10-16 19:19:25,687|INFO|368|_ParseField|string|string|desc
2018-10-16 19:19:25,687|INFO|393|_GetFieldValue|12|4|北美
2018-10-16 19:19:25,688|INFO|367|_ParseField|12|5
2018-10-16 19:19:25,688|INFO|368|_ParseField|int32|int32|is_open
2018-10-16 19:19:25,688|INFO|393|_GetFieldValue|12|5|1.0
2018-10-16 19:19:25,688|INFO|367|_ParseField|12|6
2018-10-16 19:19:25,688|INFO|368|_ParseField|int32|int32|backup
2018-10-16 19:19:25,688|INFO|393|_GetFieldValue|12|6|2.0
2018-10-16 19:19:25,690|INFO|323|Parse|parse result:
items {
  id: 1
  location_desc: "AWS_\347\276\216\345\233\275\344\270\234\351\203\250\346\234\272\346\210\277"
  zone: 1
  name: 2061
  desc: "\345\214\227\347\276\216"
  is_open: 1
  backup: 2
}
items {
  id: 2
  location_desc: "AWS_\346\263\225\345\205\260\345\205\213\347\246\217\346\234\272\346\210\277"
  zone: 2
  name: 2062
  desc: "\346\254\247\346\264\262"
  is_open: 1
  backup: 0
}
items {
  id: 3
  location_desc: "\344\277\204\347\275\227\346\226\257\346\234\272\345\231\250"
  zone: 3
  name: 2085
  desc: "\344\277\204\347\275\227\346\226\257"
  is_open: 1
  backup: 2
}
items {
  id: 5
  location_desc: "AWS_\345\234\243\344\277\235\347\275\227\346\234\272\346\210\277"
  zone: 4
  name: 2087
  desc: "\346\213\211\347\276\216\345\214\227"
  is_open: 1
  backup: 2
}
items {
  id: 6
  location_desc: "AWS_\346\202\211\345\260\274\346\234\272\346\210\277"
  zone: 6
  name: 2063
  desc: "\346\276\263\346\264\262"
  is_open: 1
  backup: 2
}
items {
  id: 7
  location_desc: "AWS_\346\226\260\345\212\240\345\235\241\346\234\272\346\210\277"
  zone: 7
  name: 2083
  desc: "\344\270\234\345\215\227\344\272\232"
  is_open: 1
  backup: 2
}
items {
  id: 8
  location_desc: "AWS_\346\227\245\346\234\254\346\234\272\346\210\277"
  zone: 7
  name: 2083
  desc: "\344\270\234\345\215\227\344\272\232"
  is_open: 1
  backup: 2
}
items {
  id: 9
  location_desc: "AWS_\351\237\251\345\233\275\346\234\272\346\210\277"
  zone: 7
  name: 2083
  desc: "\344\270\234\345\215\227\344\272\232"
  is_open: 1
  backup: 2
}
items {
  id: 10
  location_desc: "\351\246\231\346\270\257\346\234\272\345\231\250"
  zone: 7
  name: 2083
  desc: "\344\270\234\345\215\227\344\272\232"
  is_open: 1
  backup: 2
}
items {
  id: 11
  location_desc: "AWS_\347\276\216\345\233\275\350\245\277\351\203\250\346\234\272\346\210\277"
  zone: 1
  name: 2061
  desc: "\345\214\227\347\276\216"
  is_open: 1
  backup: 2
}

2018-10-16 19:19:25,698|INFO|487|<module>|end interpreted ./excel/X_Zone.xlsx file
